[2020-04-17 00:53:46] local.ERROR: SQLSTATE[HY000]: General error: 1005 Can't create table `electronics`.`#sql-1810_49` (errno: 150 "Foreign key constraint is incorrectly formed") (SQL: alter table `product_images` add constraint `product_images_product_id_foreign` foreign key (`product_id`) references `products` (`id`) on delete cascade) {"exception":"[object] (Illuminate\\Database\\QueryException(code: HY000): SQLSTATE[HY000]: General error: 1005 Can't create table `electronics`.`#sql-1810_49` (errno: 150 \"Foreign key constraint is incorrectly formed\") (SQL: alter table `product_images` add constraint `product_images_product_id_foreign` foreign key (`product_id`) references `products` (`id`) on delete cascade) at C:\\Users\\Mahmoud\\Desktop\\the project\\Electronic-E-commerce-project\\project\\vendor\\laravel\\framework\\src\\Illuminate\\Database\\Connection.php:664, PDOException(code: HY000): SQLSTATE[HY000]: General error: 1005 Can't create table `electronics`.`#sql-1810_49` (errno: 150 \"Foreign key constraint is incorrectly formed\") at C:\\Users\\Mahmoud\\Desktop\\the project\\Electronic-E-commerce-project\\project\\vendor\\laravel\\framework\\src\\Illuminate\\Database\\Connection.php:458)
[stacktrace]
#0 C:\\Users\\Mahmoud\\Desktop\\the project\\Electronic-E-commerce-project\\project\\vendor\\laravel\\framework\\src\\Illuminate\\Database\\Connection.php(624): Illuminate\\Database\\Connection->runQueryCallback('alter table `pr...', Array, Object(Closure))
#1 C:\\Users\\Mahmoud\\Desktop\\the project\\Electronic-E-commerce-project\\project\\vendor\\laravel\\framework\\src\\Illuminate\\Database\\Connection.php(459): Illuminate\\Database\\Connection->run('alter table `pr...', Array, Object(Closure))
#2 C:\\Users\\Mahmoud\\Desktop\\the project\\Electronic-E-commerce-project\\project\\vendor\\laravel\\framework\\src\\Illuminate\\Database\\Schema\\Blueprint.php(97): Illuminate\\Database\\Connection->statement('alter table `pr...')
#3 C:\\Users\\Mahmoud\\Desktop\\the project\\Electronic-E-commerce-project\\project\\vendor\\laravel\\framework\\src\\Illuminate\\Database\\Schema\\Builder.php(278): Illuminate\\Database\\Schema\\Blueprint->build(Object(Illuminate\\Database\\MySqlConnection), Object(Illuminate\\Database\\Schema\\Grammars\\MySqlGrammar))
#4 C:\\Users\\Mahmoud\\Desktop\\the project\\Electronic-E-commerce-project\\project\\vendor\\laravel\\framework\\src\\Illuminate\\Database\\Schema\\Builder.php(167): Illuminate\\Database\\Schema\\Builder->build(Object(Illuminate\\Database\\Schema\\Blueprint))
#5 C:\\Users\\Mahmoud\\Desktop\\the project\\Electronic-E-commerce-project\\project\\vendor\\laravel\\framework\\src\\Illuminate\\Support\\Facades\\Facade.php(239): Illuminate\\Database\\Schema\\Builder->create('product_images', Object(Closure))
#6 C:\\Users\\Mahmoud\\Desktop\\the project\\Electronic-E-commerce-project\\project\\database\\migrations\\2020_04_17_001323_create_product_images_table.php(22): Illuminate\\Support\\Facades\\Facade::__callStatic('create', Array)
#7 C:\\Users\\Mahmoud\\Desktop\\the project\\Electronic-E-commerce-project\\project\\vendor\\laravel\\framework\\src\\Illuminate\\Database\\Migrations\\Migrator.php(387): CreateProductImagesTable->up()
#8 C:\\Users\\Mahmoud\\Desktop\\the project\\Electronic-E-commerce-project\\project\\vendor\\laravel\\framework\\src\\Illuminate\\Database\\Migrations\\Migrator.php(396): Illuminate\\Database\\Migrations\\Migrator->Illuminate\\Database\\Migrations\\{closure}()
#9 C:\\Users\\Mahmoud\\Desktop\\the project\\Electronic-E-commerce-project\\project\\vendor\\laravel\\framework\\src\\Illuminate\\Database\\Migrations\\Migrator.php(197): Illuminate\\Database\\Migrations\\Migrator->runMigration(Object(CreateProductImagesTable), 'up')
#10 C:\\Users\\Mahmoud\\Desktop\\the project\\Electronic-E-commerce-project\\project\\vendor\\laravel\\framework\\src\\Illuminate\\Database\\Migrations\\Migrator.php(162): Illuminate\\Database\\Migrations\\Migrator->runUp('C:\\\\Users\\\\Mahmou...', 2, false)
#11 C:\\Users\\Mahmoud\\Desktop\\the project\\Electronic-E-commerce-project\\project\\vendor\\laravel\\framework\\src\\Illuminate\\Database\\Migrations\\Migrator.php(109): Illuminate\\Database\\Migrations\\Migrator->runPending(Array, Array)
#12 C:\\Users\\Mahmoud\\Desktop\\the project\\Electronic-E-commerce-project\\project\\vendor\\laravel\\framework\\src\\Illuminate\\Database\\Console\\Migrations\\MigrateCommand.php(71): Illuminate\\Database\\Migrations\\Migrator->run(Array, Array)
#13 [internal function]: Illuminate\\Database\\Console\\Migrations\\MigrateCommand->handle()
#14 C:\\Users\\Mahmoud\\Desktop\\the project\\Electronic-E-commerce-project\\project\\vendor\\laravel\\framework\\src\\Illuminate\\Container\\BoundMethod.php(32): call_user_func_array(Array, Array)
#15 C:\\Users\\Mahmoud\\Desktop\\the project\\Electronic-E-commerce-project\\project\\vendor\\laravel\\framework\\src\\Illuminate\\Container\\BoundMethod.php(90): Illuminate\\Container\\BoundMethod::Illuminate\\Container\\{closure}()
#16 C:\\Users\\Mahmoud\\Desktop\\the project\\Electronic-E-commerce-project\\project\\vendor\\laravel\\framework\\src\\Illuminate\\Container\\BoundMethod.php(34): Illuminate\\Container\\BoundMethod::callBoundMethod(Object(Illuminate\\Foundation\\Application), Array, Object(Closure))
#17 C:\\Users\\Mahmoud\\Desktop\\the project\\Electronic-E-commerce-project\\project\\vendor\\laravel\\framework\\src\\Illuminate\\Container\\Container.php(576): Illuminate\\Container\\BoundMethod::call(Object(Illuminate\\Foundation\\Application), Array, Array, NULL)
#18 C:\\Users\\Mahmoud\\Desktop\\the project\\Electronic-E-commerce-project\\project\\vendor\\laravel\\framework\\src\\Illuminate\\Console\\Command.php(183): Illuminate\\Container\\Container->call(Array)
#19 C:\\Users\\Mahmoud\\Desktop\\the project\\Electronic-E-commerce-project\\project\\vendor\\symfony\\console\\Command\\Command.php(255): Illuminate\\Console\\Command->execute(Object(Symfony\\Component\\Console\\Input\\ArgvInput), Object(Illuminate\\Console\\OutputStyle))
#20 C:\\Users\\Mahmoud\\Desktop\\the project\\Electronic-E-commerce-project\\project\\vendor\\laravel\\framework\\src\\Illuminate\\Console\\Command.php(170): Symfony\\Component\\Console\\Command\\Command->run(Object(Symfony\\Component\\Console\\Input\\ArgvInput), Object(Illuminate\\Console\\OutputStyle))
#21 C:\\Users\\Mahmoud\\Desktop\\the project\\Electronic-E-commerce-project\\project\\vendor\\symfony\\console\\Application.php(1001): Illuminate\\Console\\Command->run(Object(Symfony\\Component\\Console\\Input\\ArgvInput), Object(Symfony\\Component\\Console\\Output\\ConsoleOutput))
#22 C:\\Users\\Mahmoud\\Desktop\\the project\\Electronic-E-commerce-project\\project\\vendor\\symfony\\console\\Application.php(271): Symfony\\Component\\Console\\Application->doRunCommand(Object(Illuminate\\Database\\Console\\Migrations\\MigrateCommand), Object(Symfony\\Component\\Console\\Input\\ArgvInput), Object(Symfony\\Component\\Console\\Output\\ConsoleOutput))
#23 C:\\Users\\Mahmoud\\Desktop\\the project\\Electronic-E-commerce-project\\project\\vendor\\symfony\\console\\Application.php(147): Symfony\\Component\\Console\\Application->doRun(Object(Symfony\\Component\\Console\\Input\\ArgvInput), Object(Symfony\\Component\\Console\\Output\\ConsoleOutput))
#24 C:\\Users\\Mahmoud\\Desktop\\the project\\Electronic-E-commerce-project\\project\\vendor\\laravel\\framework\\src\\Illuminate\\Console\\Application.php(90): Symfony\\Component\\Console\\Application->run(Object(Symfony\\Component\\Console\\Input\\ArgvInput), Object(Symfony\\Component\\Console\\Output\\ConsoleOutput))
#25 C:\\Users\\Mahmoud\\Desktop\\the project\\Electronic-E-commerce-project\\project\\vendor\\laravel\\framework\\src\\Illuminate\\Foundation\\Console\\Kernel.php(133): Illuminate\\Console\\Application->run(Object(Symfony\\Component\\Console\\Input\\ArgvInput), Object(Symfony\\Component\\Console\\Output\\ConsoleOutput))
#26 C:\\Users\\Mahmoud\\Desktop\\the project\\Electronic-E-commerce-project\\project\\artisan(37): Illuminate\\Foundation\\Console\\Kernel->handle(Object(Symfony\\Component\\Console\\Input\\ArgvInput), Object(Symfony\\Component\\Console\\Output\\ConsoleOutput))
#27 {main}
"} 
